c:\users\alex lee\desktop\schoolcreative\term 3\c++3 homework\c-3-homework\sge\sge\debug\sge.pdb
c:\users\alex lee\desktop\schoolcreative\term 3\c++3 homework\c-3-homework\sge\sge\debug\sge.idb
c:\users\alex lee\desktop\schoolcreative\term 3\c++3 homework\c-3-homework\sge\sge\debug\capplication.obj
c:\users\alex lee\desktop\schoolcreative\term 3\c++3 homework\c-3-homework\sge\sge\debug\clog.obj
c:\users\alex lee\desktop\schoolcreative\term 3\c++3 homework\c-3-homework\sge\sge\debug\ctimer.obj
c:\users\alex lee\desktop\schoolcreative\term 3\c++3 homework\c-3-homework\sge\sge\debug\cdxgraphics.obj
c:\users\alex lee\desktop\schoolcreative\term 3\c++3 homework\c-3-homework\sge\sge\debug\cfont.obj
c:\users\alex lee\desktop\schoolcreative\term 3\c++3 homework\c-3-homework\sge\sge\debug\csprite.obj
c:\users\alex lee\desktop\schoolcreative\term 3\c++3 homework\c-3-homework\sge\sge\debug\cspriterenderer.obj
c:\users\alex lee\desktop\schoolcreative\term 3\c++3 homework\c-3-homework\sge\sge\debug\ctexture.obj
c:\users\alex lee\desktop\schoolcreative\term 3\c++3 homework\c-3-homework\sge\sge\debug\cwireframe.obj
c:\users\alex lee\desktop\schoolcreative\term 3\c++3 homework\c-3-homework\sge\sge\debug\cdxinput.obj
c:\users\alex lee\desktop\schoolcreative\term 3\c++3 homework\c-3-homework\sge\sge\debug\cinifile.obj
c:\users\alex lee\desktop\schoolcreative\term 3\c++3 homework\c-3-homework\sge\sge\debug\csplashscreen.obj
c:\users\alex lee\desktop\schoolcreative\term 3\c++3 homework\c-3-homework\sge\sge\debug\cresource.obj
c:\users\alex lee\desktop\schoolcreative\term 3\c++3 homework\c-3-homework\sge\sge\debug\cresourcemanager.obj
c:\users\alex lee\desktop\schoolcreative\term 3\c++3 homework\c-3-homework\sge\sge\debug\sge.obj
c:\users\alex lee\desktop\schoolcreative\term 3\c++3 homework\c-3-homework\sge\sge\debug\sge_audio.obj
c:\users\alex lee\desktop\schoolcreative\term 3\c++3 homework\c-3-homework\sge\sge\debug\sge_graphics.obj
c:\users\alex lee\desktop\schoolcreative\term 3\c++3 homework\c-3-homework\sge\sge\debug\sge_math.obj
c:\users\alex lee\desktop\schoolcreative\term 3\c++3 homework\c-3-homework\sge\sge\debug\sge_ui.obj
c:\users\alex lee\desktop\schoolcreative\term 3\c++3 homework\c-3-homework\sge\sge\debug\debug.obj
c:\users\alex lee\desktop\schoolcreative\term 3\c++3 homework\c-3-homework\sge\sge\debug\cfmod.obj
c:\users\alex lee\desktop\schoolcreative\term 3\c++3 homework\c-3-homework\sge\sge\debug\csound.obj
c:\users\alex lee\desktop\schoolcreative\term 3\c++3 homework\c-3-homework\sge\debug\sge.lib
c:\users\alex lee\desktop\schoolcreative\term 3\c++3 homework\c-3-homework\sge\debug\sge.pdb
c:\users\alex lee\desktop\schoolcreative\term 3\c++3 homework\c-3-homework\sge\sge\debug\sge.tlog\cl.command.1.tlog
c:\users\alex lee\desktop\schoolcreative\term 3\c++3 homework\c-3-homework\sge\sge\debug\sge.tlog\cl.read.1.tlog
c:\users\alex lee\desktop\schoolcreative\term 3\c++3 homework\c-3-homework\sge\sge\debug\sge.tlog\cl.write.1.tlog
c:\users\alex lee\desktop\schoolcreative\term 3\c++3 homework\c-3-homework\sge\sge\debug\sge.tlog\lib-link.read.1.tlog
c:\users\alex lee\desktop\schoolcreative\term 3\c++3 homework\c-3-homework\sge\sge\debug\sge.tlog\lib-link.write.1.tlog
c:\users\alex lee\desktop\schoolcreative\term 3\c++3 homework\c-3-homework\sge\sge\debug\sge.tlog\lib.command.1.tlog
